<?xml version="1.0" encoding="UTF-8"?>
<!-- Generated by org.testng.reporters.JUnitReportReporter -->
<testsuite skipped="0" hostname="DESKTOP-154SFTM" name="testScripts.FourthTest" tests="1" failures="0" timestamp="2023-02-21T09:40:30 IST" time="36.967" errors="0">
  <testcase name="fourthTest" time="36.967" classname="testScripts.FourthTest"/>
  <system-out/>
</testsuite> <!-- testScripts.FourthTest -->
