<?xml version="1.0" encoding="UTF-8"?>
<!-- Generated by org.testng.reporters.JUnitReportReporter -->
<testsuite skipped="0" hostname="DESKTOP-154SFTM" name="testScripts.ThirdTest" tests="1" failures="0" timestamp="2023-02-22T08:39:56 IST" time="23.579" errors="0">
  <testcase name="thirdTest" time="23.579" classname="testScripts.ThirdTest"/>
  <system-out/>
</testsuite> <!-- testScripts.ThirdTest -->
