<?xml version="1.0" encoding="UTF-8"?>
<!-- Generated by org.testng.reporters.JUnitReportReporter -->
<testsuite skipped="0" hostname="DESKTOP-154SFTM" name="testScripts.SecondTest" tests="1" failures="0" timestamp="2023-02-22T08:39:06 IST" time="26.623" errors="0">
  <testcase name="secondTest" time="26.623" classname="testScripts.SecondTest"/>
  <system-out/>
</testsuite> <!-- testScripts.SecondTest -->
