<?xml version="1.0" encoding="UTF-8"?>
<!-- Generated by org.testng.reporters.JUnitReportReporter -->
<testsuite skipped="0" hostname="DESKTOP-154SFTM" name="testScripts.FirstTest" tests="1" failures="0" timestamp="2023-02-21T09:33:31 IST" time="20.041" errors="0">
  <testcase name="firstTest" time="20.041" classname="testScripts.FirstTest"/>
  <system-out/>
</testsuite> <!-- testScripts.FirstTest -->
